2015-10-21T11:21:53+02:00	mysqli_connect(): (HY000/1045): Access denied for user 'fcuser'@'localhost' (using password: YES)
2015-10-21T11:21:53+02:00	2	Unknown error type: [2] mysqli_connect(): (HY000/1045): Access denied for user 'fcuser'@'localhost' (using password: YES)
2015-10-21T11:21:53+02:00	add_to_message_stack():	Connect failed Access denied for user 'fcuser'@'localhost' (using password: YES)
2015-10-21T11:22:22+02:00	mysqli_connect(): (HY000/1045): Access denied for user 'fcuser'@'localhost' (using password: YES)
2015-10-21T11:22:22+02:00	2	Unknown error type: [2] mysqli_connect(): (HY000/1045): Access denied for user 'fcuser'@'localhost' (using password: YES)
2015-10-21T11:22:22+02:00	add_to_message_stack():	Connect failed Access denied for user 'fcuser'@'localhost' (using password: YES)
2015-10-21T11:27:51+02:00	mysqli_connect(): (HY000/1045): Access denied for user 'fcuser'@'localhost' (using password: YES)
2015-10-21T11:27:51+02:00	2	Unknown error type: [2] mysqli_connect(): (HY000/1045): Access denied for user 'fcuser'@'localhost' (using password: YES)
2015-10-21T11:27:51+02:00	add_to_message_stack():	Connect failed Access denied for user 'fcuser'@'localhost' (using password: YES)
2015-10-21T11:29:29+02:00	mysqli_connect(): (HY000/1045): Access denied for user 'fcuser'@'localhost' (using password: YES)
2015-10-21T11:29:29+02:00	2	Unknown error type: [2] mysqli_connect(): (HY000/1045): Access denied for user 'fcuser'@'localhost' (using password: YES)
2015-10-21T11:29:29+02:00	add_to_message_stack():	Connect failed Access denied for user 'fcuser'@'localhost' (using password: YES)
2015-10-21T11:31:20+02:00	mysqli_connect(): (HY000/1045): Access denied for user 'root'@'localhost' (using password: YES)
2015-10-21T11:31:20+02:00	2	Unknown error type: [2] mysqli_connect(): (HY000/1045): Access denied for user 'root'@'localhost' (using password: YES)
2015-10-21T11:31:20+02:00	add_to_message_stack():	Connect failed Access denied for user 'root'@'localhost' (using password: YES)
2015-10-21T11:33:40+02:00	log_message():	Processing action request: home


2015-10-21T11:33:45+02:00	log_message():	No mapping for requested action/process: showJobs
2015-10-21T11:33:45+02:00	mysqli_stmt_prepare(): (42S02/1146): Table 'studie_week5.jobs' doesn't exist
2015-10-21T11:33:45+02:00	2	Unknown error type: [2] mysqli_stmt_prepare(): (42S02/1146): Table 'studie_week5.jobs' doesn't exist
2015-10-21T11:33:45+02:00	add_to_message_stack():	Query could not be parsed. This message is logged
2015-10-21T11:33:45+02:00	log_message():	Query could not be parsed: SELECT * FROM `jobs` ORDER BY JobID ASC
2015-10-21T11:33:53+02:00	log_message():	Processing action request: home
2015-10-21T11:44:13+02:00	log_message():	No mapping for requested action/process: showJobs
2015-10-21T11:44:13+02:00	mysqli_stmt_prepare(): (42S02/1146): Table 'studie_week5.jobs' doesn't exist
2015-10-21T11:44:13+02:00	2	Unknown error type: [2] mysqli_stmt_prepare(): (42S02/1146): Table 'studie_week5.jobs' doesn't exist
2015-10-21T11:44:13+02:00	add_to_message_stack():	Query could not be parsed. This message is logged


2015-10-21T11:44:13+02:00	log_message():	Query could not be parsed: SELECT * FROM `jobs` ORDER BY JobID ASC
2015-10-21T11:45:46+02:00	log_message():	No mapping for requested action/process: lol
2015-10-21T11:45:46+02:00	log_message():	No mapping for requested rendering/process. lol Redirecting to defaultaction.
2015-10-21T11:45:48+02:00	log_message():	No mapping for requested action/process: showJobs
2015-10-21T11:45:48+02:00	mysqli_stmt_prepare(): (42S02/1146): Table 'studie_week5.jobs' doesn't exist
2015-10-21T11:45:48+02:00	2	Unknown error type: [2] mysqli_stmt_prepare(): (42S02/1146): Table 'studie_week5.jobs' doesn't exist
2015-10-21T11:45:48+02:00	add_to_message_stack():	Query could not be parsed. This message is logged
2015-10-21T11:45:48+02:00	log_message():	Query could not be parsed: SELECT * FROM `jobs` ORDER BY JobID ASC
2015-10-21T11:45:50+02:00	log_message():	Processing action request: home
2015-10-21T11:45:52+02:00	log_message():	No mapping for requested action/process: showJobs


2015-10-21T11:45:52+02:00	mysqli_stmt_prepare(): (42S02/1146): Table 'studie_week5.jobs' doesn't exist
2015-10-21T11:45:52+02:00	2	Unknown error type: [2] mysqli_stmt_prepare(): (42S02/1146): Table 'studie_week5.jobs' doesn't exist
2015-10-21T11:45:52+02:00	add_to_message_stack():	Query could not be parsed. This message is logged
2015-10-21T11:45:52+02:00	log_message():	Query could not be parsed: SELECT * FROM `jobs` ORDER BY JobID ASC
2015-10-21T11:45:54+02:00	log_message():	Processing action request: home
2015-10-21T11:48:01+02:00	log_message():	No mapping for requested action/process: showJobs
2015-10-21T11:48:01+02:00	mysqli_stmt_prepare(): (42S02/1146): Table 'studie_week5.jobs' doesn't exist
2015-10-21T11:48:01+02:00	2	Unknown error type: [2] mysqli_stmt_prepare(): (42S02/1146): Table 'studie_week5.jobs' doesn't exist
2015-10-21T11:48:01+02:00	add_to_message_stack():	Query could not be parsed. This message is logged
2015-10-21T11:48:01+02:00	log_message():	Query could not be parsed: SELECT * FROM `jobs` ORDER BY JobID ASC


2015-10-21T11:48:03+02:00	log_message():	Processing action request: home
2015-10-21T11:54:24+02:00	log_message():	Processing action request: home
2015-10-21T12:14:10+02:00	log_message():	Processing action request: home
2015-10-21T12:14:18+02:00	log_message():	Processing action request: home
2015-10-21T12:14:37+02:00	log_message():	Processing action request: home
2015-10-21T12:14:42+02:00	log_message():	Processing action request: home
2015-10-21T12:14:46+02:00	log_message():	Processing action request: home
2015-10-21T12:14:53+02:00	log_message():	Processing action request: home
2015-10-21T12:14:53+02:00	log_message():	Processing action request: home
2015-10-21T12:16:35+02:00	log_message():	Processing action request: home
2015-10-21T12:17:10+02:00	log_message():	Processing action request: home
2015-10-21T12:17:35+02:00	log_message():	Processing action request: home
2015-10-21T12:18:05+02:00	log_message():	Processing action request: home
2015-10-21T12:18:41+02:00	log_message():	Processing action request: home


2015-10-21T12:20:25+02:00	log_message():	Processing action request: home
2015-10-21T12:31:41+02:00	log_message():	No mapping for requested action/process: home
2015-10-21T12:31:42+02:00	log_message():	No mapping for requested action/process: showJobs
2015-10-21T12:31:42+02:00	mysqli_stmt_prepare(): (42S02/1146): Table 'studie_week5.jobs' doesn't exist
2015-10-21T12:31:42+02:00	2	Unknown error type: [2] mysqli_stmt_prepare(): (42S02/1146): Table 'studie_week5.jobs' doesn't exist
2015-10-21T12:31:42+02:00	add_to_message_stack():	Query could not be parsed. This message is logged
2015-10-21T12:31:42+02:00	log_message():	Query could not be parsed: SELECT * FROM `jobs` ORDER BY JobID ASC
2015-10-21T12:31:44+02:00	log_message():	No mapping for requested action/process: home
2015-10-21T12:31:44+02:00	log_message():	No mapping for requested action/process: home
2015-10-21T12:34:55+02:00	log_message():	Processing action request: home
2015-10-21T12:34:58+02:00	log_message():	No mapping for requested action/process: showJobs
2015-10-21T12:34:58+02:00	mysqli_stmt_prepare(): (42S02/1146): Table 'studie_week5.jobs' doesn't exist
2015-10-21T12:34:58+02:00	2	Unknown error type: [2] mysqli_stmt_prepare(): (42S02/1146): Table 'studie_week5.jobs' doesn't exist
2015-10-21T12:34:58+02:00	add_to_message_stack():	Query could not be parsed. This message is logged
2015-10-21T12:34:58+02:00	log_message():	Query could not be parsed: SELECT * FROM `jobs` ORDER BY JobID ASC
2015-10-21T12:35:18+02:00	log_message():	No mapping for requested action/process: showJobs
2015-10-21T12:35:22+02:00	log_message():	No mapping for requested action/process: showJobs
2015-10-21T12:35:22+02:00	mysqli_stmt_prepare(): (42S02/1146): Table 'studie_week5.jobs' doesn't exist
2015-10-21T12:35:22+02:00	2	Unknown error type: [2] mysqli_stmt_prepare(): (42S02/1146): Table 'studie_week5.jobs' doesn't exist
2015-10-21T12:35:22+02:00	add_to_message_stack():	Query could not be parsed. This message is logged
2015-10-21T12:35:22+02:00	log_message():	Query could not be parsed: SELECT * FROM `jobs` ORDER BY JobID ASC
2015-10-21T12:38:14+02:00	log_message():	No mapping for requested action/process: showJobs
2015-10-21T12:38:14+02:00	mysqli_stmt_prepare(): (42S02/1146): Table 'studie_week5.jobs' doesn't exist
2015-10-21T12:38:14+02:00	2	Unknown error type: [2] mysqli_stmt_prepare(): (42S02/1146): Table 'studie_week5.jobs' doesn't exist
2015-10-21T12:38:14+02:00	add_to_message_stack():	Query could not be parsed. This message is logged
2015-10-21T12:38:14+02:00	log_message():	Query could not be parsed: SELECT * FROM `jobs` ORDER BY JobID ASC
2015-10-21T12:38:17+02:00	log_message():	Processing action request: home
2015-10-21T12:39:38+02:00	log_message():	Processing action request: home
2015-10-21T12:39:38+02:00	log_message():	No mapping for requested action/process: showJobs
2015-10-21T12:39:38+02:00	mysqli_stmt_prepare(): (42S02/1146): Table 'studie_week5.jobs' doesn't exist
2015-10-21T12:39:38+02:00	2	Unknown error type: [2] mysqli_stmt_prepare(): (42S02/1146): Table 'studie_week5.jobs' doesn't exist
2015-10-21T12:39:38+02:00	add_to_message_stack():	Query could not be parsed. This message is logged
2015-10-21T12:39:38+02:00	log_message():	Query could not be parsed: SELECT * FROM `jobs` ORDER BY JobID ASC
2015-10-21T12:42:42+02:00	log_message():	No mapping for requested action/process: showJobs
2015-10-21T12:42:42+02:00	mysqli_stmt_prepare(): (42S02/1146): Table 'studie_week5.jobs' doesn't exist
2015-10-21T12:42:42+02:00	2	Unknown error type: [2] mysqli_stmt_prepare(): (42S02/1146): Table 'studie_week5.jobs' doesn't exist
2015-10-21T12:42:42+02:00	add_to_message_stack():	Query could not be parsed. This message is logged
2015-10-21T12:42:42+02:00	log_message():	Query could not be parsed: SELECT * FROM `jobs` ORDER BY JobID ASC
2015-10-21T12:42:44+02:00	log_message():	Processing action request: home
2015-10-21T12:47:28+02:00	log_message():	No mapping for requested action/process: showJobs
2015-10-21T12:47:28+02:00	mysqli_stmt_prepare(): (42S02/1146): Table 'studie_week5.jobs' doesn't exist
2015-10-21T12:47:28+02:00	2	Unknown error type: [2] mysqli_stmt_prepare(): (42S02/1146): Table 'studie_week5.jobs' doesn't exist
2015-10-21T12:47:28+02:00	add_to_message_stack():	Query could not be parsed. This message is logged
2015-10-21T12:47:28+02:00	log_message():	Query could not be parsed: SELECT * FROM `jobs` ORDER BY JobID ASC
2015-10-21T12:51:34+02:00	log_message():	No mapping for requested action/process: showJobs
2015-10-21T12:51:36+02:00	log_message():	No mapping for requested action/process: showJobs
2015-10-21T12:52:24+02:00	log_message():	No mapping for requested action/process: addJob
2015-10-21T12:52:24+02:00	log_message():	No mapping for requested rendering/process. addJob Redirecting to defaultaction.
2015-10-21T12:52:25+02:00	log_message():	No mapping for requested action/process: showJobs
2015-10-21T12:53:26+02:00	log_message():	No mapping for requested action/process: jobs
2015-10-21T12:53:26+02:00	log_message():	No mapping for requested rendering/process. jobs Redirecting to defaultaction.
2015-10-21T12:53:31+02:00	log_message():	No mapping for requested action/process: showJobs
2015-10-21T12:53:33+02:00	log_message():	No mapping for requested action/process: jobs
2015-10-21T12:53:33+02:00	log_message():	No mapping for requested rendering/process. jobs Redirecting to defaultaction.
2015-10-21T12:53:34+02:00	log_message():	No mapping for requested action/process: showJobs
2015-10-21T12:55:26+02:00	log_message():	No mapping for requested action/process: showJobs
2015-10-21T12:58:16+02:00	log_message():	No mapping for requested action/process: showJobs
2015-10-21T12:58:21+02:00	log_message():	No mapping for requested action/process: showCustomers
2015-10-21T12:58:21+02:00	log_message():	No mapping for requested rendering/process. showCustomers Redirecting to defaultaction.
2015-10-21T12:58:22+02:00	log_message():	No mapping for requested action/process: showCustomers
2015-10-21T12:58:22+02:00	log_message():	No mapping for requested rendering/process. showCustomers Redirecting to defaultaction.
2015-10-21T12:58:23+02:00	log_message():	Processing action request: home
2015-10-21T12:58:24+02:00	log_message():	No mapping for requested action/process: showCustomers
2015-10-21T12:58:24+02:00	log_message():	No mapping for requested rendering/process. showCustomers Redirecting to defaultaction.
2015-10-21T12:58:43+02:00	log_message():	Processing action request: home
2015-10-21T12:58:44+02:00	log_message():	No mapping for requested action/process: showCustomers
2015-10-21T12:58:44+02:00	log_message():	No mapping for requested rendering/process. showCustomers Redirecting to defaultaction.
2015-10-21T12:58:45+02:00	log_message():	No mapping for requested action/process: showJobs
2015-10-21T13:00:30+02:00	log_message():	No mapping for requested action/process: showCustomers
2015-10-21T13:00:30+02:00	log_message():	Backtrace: displayAllCustomers() called. 
2015-10-21T13:00:30+02:00	mysqli_stmt_prepare(): (42S22/1054): Unknown column 'Wcode' in 'order clause'
2015-10-21T13:00:30+02:00	2	Unknown error type: [2] mysqli_stmt_prepare(): (42S22/1054): Unknown column 'Wcode' in 'order clause'
2015-10-21T13:00:30+02:00	add_to_message_stack():	Query could not be parsed. This message is logged
2015-10-21T13:00:30+02:00	log_message():	Query could not be parsed: SELECT * FROM `jobs` ORDER BY Wcode ASC
2015-10-21T13:01:15+02:00	log_message():	No mapping for requested action/process: showCustomers
2015-10-21T13:01:15+02:00	log_message():	Backtrace: displayAllCustomers() called. 
2015-10-21T13:01:15+02:00	mysqli_stmt_prepare(): (42S22/1054): Unknown column 'Wcode' in 'order clause'
2015-10-21T13:01:15+02:00	2	Unknown error type: [2] mysqli_stmt_prepare(): (42S22/1054): Unknown column 'Wcode' in 'order clause'
2015-10-21T13:01:15+02:00	add_to_message_stack():	Query could not be parsed. This message is logged
2015-10-21T13:01:15+02:00	log_message():	Query could not be parsed: SELECT * FROM `jobs` ORDER BY Wcode ASC
2015-10-21T13:01:26+02:00	log_message():	No mapping for requested action/process: showCustomers
2015-10-21T13:01:26+02:00	log_message():	Backtrace: displayAllCustomers() called. 
2015-10-21T13:01:26+02:00	Undefined index: JobID
2015-10-21T13:01:26+02:00	8	Unknown error type: [8] Undefined index: JobID
2015-10-21T13:01:26+02:00	Undefined index: JobID
2015-10-21T13:01:26+02:00	8	Unknown error type: [8] Undefined index: JobID
2015-10-21T13:01:26+02:00	Undefined index: JobID
2015-10-21T13:01:26+02:00	8	Unknown error type: [8] Undefined index: JobID
2015-10-21T13:01:26+02:00	Undefined index: JobID
2015-10-21T13:01:26+02:00	8	Unknown error type: [8] Undefined index: JobID
2015-10-21T13:01:26+02:00	Undefined index: JobID
2015-10-21T13:01:26+02:00	8	Unknown error type: [8] Undefined index: JobID
2015-10-21T13:01:26+02:00	Undefined index: JobID
2015-10-21T13:01:26+02:00	8	Unknown error type: [8] Undefined index: JobID
2015-10-21T13:01:26+02:00	Undefined index: JobID
2015-10-21T13:01:26+02:00	8	Unknown error type: [8] Undefined index: JobID
2015-10-21T13:01:26+02:00	Undefined index: JobID
2015-10-21T13:01:26+02:00	8	Unknown error type: [8] Undefined index: JobID
2015-10-21T13:01:26+02:00	Undefined index: JobID
2015-10-21T13:01:26+02:00	8	Unknown error type: [8] Undefined index: JobID
2015-10-21T13:01:26+02:00	Undefined index: JobID
2015-10-21T13:01:26+02:00	8	Unknown error type: [8] Undefined index: JobID
2015-10-21T13:01:26+02:00	Undefined index: JobID
2015-10-21T13:01:26+02:00	8	Unknown error type: [8] Undefined index: JobID
2015-10-21T13:01:26+02:00	Undefined index: JobID
2015-10-21T13:01:26+02:00	8	Unknown error type: [8] Undefined index: JobID
2015-10-21T13:01:26+02:00	Undefined index: JobID
2015-10-21T13:01:26+02:00	8	Unknown error type: [8] Undefined index: JobID
2015-10-21T13:01:26+02:00	Undefined index: JobID
2015-10-21T13:01:26+02:00	8	Unknown error type: [8] Undefined index: JobID
2015-10-21T13:01:26+02:00	Undefined index: JobID
2015-10-21T13:01:26+02:00	8	Unknown error type: [8] Undefined index: JobID
2015-10-21T13:01:26+02:00	Undefined index: JobID
2015-10-21T13:01:26+02:00	8	Unknown error type: [8] Undefined index: JobID
2015-10-21T13:01:26+02:00	Undefined index: JobID
2015-10-21T13:01:26+02:00	8	Unknown error type: [8] Undefined index: JobID
2015-10-21T13:01:26+02:00	Undefined index: JobID
2015-10-21T13:01:26+02:00	8	Unknown error type: [8] Undefined index: JobID
2015-10-21T13:01:26+02:00	Undefined index: JobID
2015-10-21T13:01:26+02:00	8	Unknown error type: [8] Undefined index: JobID
2015-10-21T13:01:26+02:00	Undefined index: JobID
2015-10-21T13:01:26+02:00	8	Unknown error type: [8] Undefined index: JobID
2015-10-21T13:01:26+02:00	Undefined index: JobID
2015-10-21T13:01:26+02:00	8	Unknown error type: [8] Undefined index: JobID
2015-10-21T13:01:26+02:00	Undefined index: JobID
2015-10-21T13:01:26+02:00	8	Unknown error type: [8] Undefined index: JobID
2015-10-21T13:01:26+02:00	Undefined index: JobID
2015-10-21T13:01:26+02:00	8	Unknown error type: [8] Undefined index: JobID
2015-10-21T13:01:26+02:00	Undefined index: JobID
2015-10-21T13:01:26+02:00	8	Unknown error type: [8] Undefined index: JobID
2015-10-21T13:01:26+02:00	Undefined index: JobID
2015-10-21T13:01:26+02:00	8	Unknown error type: [8] Undefined index: JobID
2015-10-21T13:01:26+02:00	Undefined index: JobID
2015-10-21T13:01:26+02:00	8	Unknown error type: [8] Undefined index: JobID
2015-10-21T13:01:26+02:00	Undefined index: JobID
2015-10-21T13:01:26+02:00	8	Unknown error type: [8] Undefined index: JobID
2015-10-21T13:01:26+02:00	Undefined index: JobID
2015-10-21T13:01:26+02:00	8	Unknown error type: [8] Undefined index: JobID
2015-10-21T13:01:26+02:00	Undefined index: JobID
2015-10-21T13:01:26+02:00	8	Unknown error type: [8] Undefined index: JobID
2015-10-21T13:01:26+02:00	Undefined index: JobID
2015-10-21T13:01:26+02:00	8	Unknown error type: [8] Undefined index: JobID
2015-10-21T13:01:26+02:00	Undefined index: JobID
2015-10-21T13:01:26+02:00	8	Unknown error type: [8] Undefined index: JobID
2015-10-21T13:01:26+02:00	Undefined index: JobID
2015-10-21T13:01:26+02:00	8	Unknown error type: [8] Undefined index: JobID
2015-10-21T13:01:26+02:00	Undefined index: JobID
2015-10-21T13:01:26+02:00	8	Unknown error type: [8] Undefined index: JobID
2015-10-21T13:01:26+02:00	Undefined index: JobID
2015-10-21T13:01:26+02:00	8	Unknown error type: [8] Undefined index: JobID
2015-10-21T13:02:11+02:00	log_message():	No mapping for requested action/process: showCustomers
2015-10-21T13:02:11+02:00	log_message():	Backtrace: displayAllCustomers() called. 
2015-10-21T13:02:11+02:00	Undefined index: JobID
2015-10-21T13:02:11+02:00	8	Unknown error type: [8] Undefined index: JobID
2015-10-21T13:02:11+02:00	Undefined index: JobID
2015-10-21T13:02:11+02:00	8	Unknown error type: [8] Undefined index: JobID
2015-10-21T13:02:11+02:00	Undefined index: JobID
2015-10-21T13:02:11+02:00	8	Unknown error type: [8] Undefined index: JobID
2015-10-21T13:02:11+02:00	Undefined index: JobID
2015-10-21T13:02:11+02:00	8	Unknown error type: [8] Undefined index: JobID
2015-10-21T13:02:11+02:00	Undefined index: JobID
2015-10-21T13:02:11+02:00	8	Unknown error type: [8] Undefined index: JobID
2015-10-21T13:02:11+02:00	Undefined index: JobID
2015-10-21T13:02:11+02:00	8	Unknown error type: [8] Undefined index: JobID
2015-10-21T13:02:11+02:00	Undefined index: JobID
2015-10-21T13:02:11+02:00	8	Unknown error type: [8] Undefined index: JobID
2015-10-21T13:02:11+02:00	Undefined index: JobID
2015-10-21T13:02:11+02:00	8	Unknown error type: [8] Undefined index: JobID
2015-10-21T13:02:11+02:00	Undefined index: JobID
2015-10-21T13:02:11+02:00	8	Unknown error type: [8] Undefined index: JobID
2015-10-21T13:02:11+02:00	Undefined index: JobID
2015-10-21T13:02:11+02:00	8	Unknown error type: [8] Undefined index: JobID
2015-10-21T13:02:11+02:00	Undefined index: JobID
2015-10-21T13:02:11+02:00	8	Unknown error type: [8] Undefined index: JobID
2015-10-21T13:02:11+02:00	Undefined index: JobID
2015-10-21T13:02:11+02:00	8	Unknown error type: [8] Undefined index: JobID
2015-10-21T13:02:11+02:00	Undefined index: JobID
2015-10-21T13:02:11+02:00	8	Unknown error type: [8] Undefined index: JobID
2015-10-21T13:02:11+02:00	Undefined index: JobID
2015-10-21T13:02:11+02:00	8	Unknown error type: [8] Undefined index: JobID
2015-10-21T13:02:11+02:00	Undefined index: JobID
2015-10-21T13:02:11+02:00	8	Unknown error type: [8] Undefined index: JobID
2015-10-21T13:02:11+02:00	Undefined index: JobID
2015-10-21T13:02:11+02:00	8	Unknown error type: [8] Undefined index: JobID
2015-10-21T13:02:11+02:00	Undefined index: JobID
2015-10-21T13:02:11+02:00	8	Unknown error type: [8] Undefined index: JobID
2015-10-21T13:02:11+02:00	Undefined index: JobID
2015-10-21T13:02:11+02:00	8	Unknown error type: [8] Undefined index: JobID
2015-10-21T13:02:11+02:00	Undefined index: JobID
2015-10-21T13:02:11+02:00	8	Unknown error type: [8] Undefined index: JobID
2015-10-21T13:02:11+02:00	Undefined index: JobID
2015-10-21T13:02:11+02:00	8	Unknown error type: [8] Undefined index: JobID
2015-10-21T13:02:11+02:00	Undefined index: JobID
2015-10-21T13:02:11+02:00	8	Unknown error type: [8] Undefined index: JobID
2015-10-21T13:02:11+02:00	Undefined index: JobID
2015-10-21T13:02:11+02:00	8	Unknown error type: [8] Undefined index: JobID
2015-10-21T13:02:11+02:00	Undefined index: JobID
2015-10-21T13:02:11+02:00	8	Unknown error type: [8] Undefined index: JobID
2015-10-21T13:02:11+02:00	Undefined index: JobID
2015-10-21T13:02:11+02:00	8	Unknown error type: [8] Undefined index: JobID
2015-10-21T13:02:11+02:00	Undefined index: JobID
2015-10-21T13:02:11+02:00	8	Unknown error type: [8] Undefined index: JobID
2015-10-21T13:02:11+02:00	Undefined index: JobID
2015-10-21T13:02:11+02:00	8	Unknown error type: [8] Undefined index: JobID
2015-10-21T13:02:11+02:00	Undefined index: JobID
2015-10-21T13:02:11+02:00	8	Unknown error type: [8] Undefined index: JobID
2015-10-21T13:02:11+02:00	Undefined index: JobID
2015-10-21T13:02:11+02:00	8	Unknown error type: [8] Undefined index: JobID
2015-10-21T13:02:11+02:00	Undefined index: JobID
2015-10-21T13:02:11+02:00	8	Unknown error type: [8] Undefined index: JobID
2015-10-21T13:02:11+02:00	Undefined index: JobID
2015-10-21T13:02:11+02:00	8	Unknown error type: [8] Undefined index: JobID
2015-10-21T13:02:11+02:00	Undefined index: JobID
2015-10-21T13:02:11+02:00	8	Unknown error type: [8] Undefined index: JobID
2015-10-21T13:02:11+02:00	Undefined index: JobID
2015-10-21T13:02:11+02:00	8	Unknown error type: [8] Undefined index: JobID
2015-10-21T13:02:11+02:00	Undefined index: JobID
2015-10-21T13:02:11+02:00	8	Unknown error type: [8] Undefined index: JobID
2015-10-21T13:02:11+02:00	Undefined index: JobID
2015-10-21T13:02:11+02:00	8	Unknown error type: [8] Undefined index: JobID
2015-10-21T13:02:51+02:00	log_message():	No mapping for requested action/process: showCustomers
2015-10-21T13:02:51+02:00	log_message():	Backtrace: displayAllCustomers() called. 
2015-10-21T13:02:51+02:00	Undefined index: wCode
2015-10-21T13:02:51+02:00	8	Unknown error type: [8] Undefined index: wCode
2015-10-21T13:02:51+02:00	Undefined index: wCode
2015-10-21T13:02:51+02:00	8	Unknown error type: [8] Undefined index: wCode
2015-10-21T13:02:51+02:00	Undefined index: wCode
2015-10-21T13:02:51+02:00	8	Unknown error type: [8] Undefined index: wCode
2015-10-21T13:02:51+02:00	Undefined index: wCode
2015-10-21T13:02:51+02:00	8	Unknown error type: [8] Undefined index: wCode
2015-10-21T13:02:51+02:00	Undefined index: wCode
2015-10-21T13:02:51+02:00	8	Unknown error type: [8] Undefined index: wCode
2015-10-21T13:02:51+02:00	Undefined index: wCode
2015-10-21T13:02:51+02:00	8	Unknown error type: [8] Undefined index: wCode
2015-10-21T13:02:51+02:00	Undefined index: wCode
2015-10-21T13:02:51+02:00	8	Unknown error type: [8] Undefined index: wCode
2015-10-21T13:02:51+02:00	Undefined index: wCode
2015-10-21T13:02:51+02:00	8	Unknown error type: [8] Undefined index: wCode
2015-10-21T13:02:51+02:00	Undefined index: wCode
2015-10-21T13:02:51+02:00	8	Unknown error type: [8] Undefined index: wCode
2015-10-21T13:02:51+02:00	Undefined index: wCode
2015-10-21T13:02:51+02:00	8	Unknown error type: [8] Undefined index: wCode
2015-10-21T13:02:51+02:00	Undefined index: wCode
2015-10-21T13:02:51+02:00	8	Unknown error type: [8] Undefined index: wCode
2015-10-21T13:02:51+02:00	Undefined index: wCode
2015-10-21T13:02:51+02:00	8	Unknown error type: [8] Undefined index: wCode
2015-10-21T13:02:51+02:00	Undefined index: wCode
2015-10-21T13:02:51+02:00	8	Unknown error type: [8] Undefined index: wCode
2015-10-21T13:02:51+02:00	Undefined index: wCode
2015-10-21T13:02:51+02:00	8	Unknown error type: [8] Undefined index: wCode
2015-10-21T13:02:51+02:00	Undefined index: wCode
2015-10-21T13:02:51+02:00	8	Unknown error type: [8] Undefined index: wCode
2015-10-21T13:02:51+02:00	Undefined index: wCode
2015-10-21T13:02:51+02:00	8	Unknown error type: [8] Undefined index: wCode
2015-10-21T13:02:51+02:00	Undefined index: wCode
2015-10-21T13:02:51+02:00	8	Unknown error type: [8] Undefined index: wCode
2015-10-21T13:02:52+02:00	log_message():	No mapping for requested action/process: showCustomers
2015-10-21T13:02:52+02:00	log_message():	Backtrace: displayAllCustomers() called. 
2015-10-21T13:02:52+02:00	Undefined index: wCode
2015-10-21T13:02:52+02:00	8	Unknown error type: [8] Undefined index: wCode
2015-10-21T13:02:52+02:00	Undefined index: wCode
2015-10-21T13:02:52+02:00	8	Unknown error type: [8] Undefined index: wCode
2015-10-21T13:02:52+02:00	Undefined index: wCode
2015-10-21T13:02:52+02:00	8	Unknown error type: [8] Undefined index: wCode
2015-10-21T13:02:52+02:00	Undefined index: wCode
2015-10-21T13:02:52+02:00	8	Unknown error type: [8] Undefined index: wCode
2015-10-21T13:02:52+02:00	Undefined index: wCode
2015-10-21T13:02:52+02:00	8	Unknown error type: [8] Undefined index: wCode
2015-10-21T13:02:52+02:00	Undefined index: wCode
2015-10-21T13:02:52+02:00	8	Unknown error type: [8] Undefined index: wCode
2015-10-21T13:02:52+02:00	Undefined index: wCode
2015-10-21T13:02:52+02:00	8	Unknown error type: [8] Undefined index: wCode
2015-10-21T13:02:52+02:00	Undefined index: wCode
2015-10-21T13:02:52+02:00	8	Unknown error type: [8] Undefined index: wCode
2015-10-21T13:02:52+02:00	Undefined index: wCode
2015-10-21T13:02:52+02:00	8	Unknown error type: [8] Undefined index: wCode
2015-10-21T13:02:52+02:00	Undefined index: wCode
2015-10-21T13:02:52+02:00	8	Unknown error type: [8] Undefined index: wCode
2015-10-21T13:02:52+02:00	Undefined index: wCode
2015-10-21T13:02:52+02:00	8	Unknown error type: [8] Undefined index: wCode
2015-10-21T13:02:52+02:00	Undefined index: wCode
2015-10-21T13:02:52+02:00	8	Unknown error type: [8] Undefined index: wCode
2015-10-21T13:02:52+02:00	Undefined index: wCode
2015-10-21T13:02:52+02:00	8	Unknown error type: [8] Undefined index: wCode
2015-10-21T13:02:52+02:00	Undefined index: wCode
2015-10-21T13:02:52+02:00	8	Unknown error type: [8] Undefined index: wCode
2015-10-21T13:02:52+02:00	Undefined index: wCode
2015-10-21T13:02:52+02:00	8	Unknown error type: [8] Undefined index: wCode
2015-10-21T13:02:52+02:00	Undefined index: wCode
2015-10-21T13:02:52+02:00	8	Unknown error type: [8] Undefined index: wCode
2015-10-21T13:02:52+02:00	Undefined index: wCode
2015-10-21T13:02:52+02:00	8	Unknown error type: [8] Undefined index: wCode
2015-10-21T13:02:52+02:00	log_message():	No mapping for requested action/process: showCustomers
2015-10-21T13:02:52+02:00	log_message():	Backtrace: displayAllCustomers() called. 
2015-10-21T13:02:52+02:00	Undefined index: wCode
2015-10-21T13:02:52+02:00	8	Unknown error type: [8] Undefined index: wCode
2015-10-21T13:02:52+02:00	Undefined index: wCode
2015-10-21T13:02:52+02:00	8	Unknown error type: [8] Undefined index: wCode
2015-10-21T13:02:52+02:00	Undefined index: wCode
2015-10-21T13:02:52+02:00	8	Unknown error type: [8] Undefined index: wCode
2015-10-21T13:02:52+02:00	Undefined index: wCode
2015-10-21T13:02:52+02:00	8	Unknown error type: [8] Undefined index: wCode
2015-10-21T13:02:52+02:00	Undefined index: wCode
2015-10-21T13:02:52+02:00	8	Unknown error type: [8] Undefined index: wCode
2015-10-21T13:02:52+02:00	Undefined index: wCode
2015-10-21T13:02:52+02:00	8	Unknown error type: [8] Undefined index: wCode
2015-10-21T13:02:52+02:00	Undefined index: wCode
2015-10-21T13:02:52+02:00	8	Unknown error type: [8] Undefined index: wCode
2015-10-21T13:02:52+02:00	Undefined index: wCode
2015-10-21T13:02:52+02:00	8	Unknown error type: [8] Undefined index: wCode
2015-10-21T13:02:52+02:00	Undefined index: wCode
2015-10-21T13:02:52+02:00	8	Unknown error type: [8] Undefined index: wCode
2015-10-21T13:02:52+02:00	Undefined index: wCode
2015-10-21T13:02:52+02:00	8	Unknown error type: [8] Undefined index: wCode
2015-10-21T13:02:52+02:00	Undefined index: wCode
2015-10-21T13:02:52+02:00	8	Unknown error type: [8] Undefined index: wCode
2015-10-21T13:02:52+02:00	Undefined index: wCode
2015-10-21T13:02:52+02:00	8	Unknown error type: [8] Undefined index: wCode
2015-10-21T13:02:52+02:00	Undefined index: wCode
2015-10-21T13:02:52+02:00	8	Unknown error type: [8] Undefined index: wCode
2015-10-21T13:02:52+02:00	Undefined index: wCode
2015-10-21T13:02:52+02:00	8	Unknown error type: [8] Undefined index: wCode
2015-10-21T13:02:52+02:00	Undefined index: wCode
2015-10-21T13:02:52+02:00	8	Unknown error type: [8] Undefined index: wCode
2015-10-21T13:02:52+02:00	Undefined index: wCode
2015-10-21T13:02:52+02:00	8	Unknown error type: [8] Undefined index: wCode
2015-10-21T13:02:52+02:00	Undefined index: wCode
2015-10-21T13:02:52+02:00	8	Unknown error type: [8] Undefined index: wCode
2015-10-21T13:02:57+02:00	log_message():	No mapping for requested action/process: showCustomers
2015-10-21T13:02:57+02:00	log_message():	Backtrace: displayAllCustomers() called. 
2015-10-21T13:03:32+02:00	log_message():	No mapping for requested action/process: addCustomer
2015-10-21T13:03:32+02:00	log_message():	No mapping for requested rendering/process. addCustomer Redirecting to defaultaction.
2015-10-21T13:03:34+02:00	log_message():	No mapping for requested action/process: showCustomers
2015-10-21T13:03:34+02:00	log_message():	Backtrace: displayAllCustomers() called. 
2015-10-21T13:03:39+02:00	log_message():	No mapping for requested action/process: editCustomer
2015-10-21T13:03:39+02:00	log_message():	No mapping for requested rendering/process. editCustomer Redirecting to defaultaction.
2015-10-21T13:03:40+02:00	log_message():	No mapping for requested action/process: showCustomers
2015-10-21T13:03:40+02:00	log_message():	Backtrace: displayAllCustomers() called. 
2015-10-21T13:03:43+02:00	log_message():	No mapping for requested action/process: deleteCustomer
2015-10-21T13:03:43+02:00	log_message():	No mapping for requested rendering/process. deleteCustomer Redirecting to defaultaction.
2015-10-21T13:03:44+02:00	log_message():	No mapping for requested action/process: showCustomers
2015-10-21T13:03:44+02:00	log_message():	Backtrace: displayAllCustomers() called. 
2015-10-21T13:04:17+02:00	log_message():	No mapping for requested action/process: showCustomers
2015-10-21T13:04:17+02:00	log_message():	Backtrace: displayAllCustomers() called. 
2015-10-21T13:04:34+02:00	log_message():	No mapping for requested action/process: customers
2015-10-21T13:04:34+02:00	log_message():	No mapping for requested rendering/process. customers Redirecting to defaultaction.
2015-10-21T13:04:37+02:00	log_message():	No mapping for requested action/process: showCustomers
2015-10-21T13:04:37+02:00	log_message():	Backtrace: displayAllCustomers() called. 
2015-10-21T13:04:40+02:00	log_message():	No mapping for requested action/process: customers
2015-10-21T13:04:40+02:00	log_message():	No mapping for requested rendering/process. customers Redirecting to defaultaction.
2015-10-21T13:04:44+02:00	log_message():	No mapping for requested action/process: showCustomers
2015-10-21T13:04:44+02:00	log_message():	Backtrace: displayAllCustomers() called. 
2015-10-21T13:07:18+02:00	log_message():	No mapping for requested action/process: showCustomers
2015-10-21T13:07:18+02:00	log_message():	Backtrace: displayAllCustomers() called. 
2015-10-21T13:07:21+02:00	log_message():	No mapping for requested action/process: showCustomers
2015-10-21T13:07:21+02:00	log_message():	Backtrace: displayAllCustomers() called. 
2015-10-21T13:07:22+02:00	log_message():	No mapping for requested action/process: showCustomers
2015-10-21T13:07:22+02:00	log_message():	Backtrace: displayAllCustomers() called. 
2015-10-21T13:07:26+02:00	log_message():	No mapping for requested action/process: showCustomers
2015-10-21T13:07:26+02:00	log_message():	Backtrace: displayAllCustomers() called. 
2015-10-21T13:08:57+02:00	log_message():	No mapping for requested action/process: showCustomers
2015-10-21T13:08:57+02:00	log_message():	Backtrace: displayAllCustomers() called. 
2015-10-21T13:09:12+02:00	log_message():	No mapping for requested action/process: showCustomers
2015-10-21T13:09:12+02:00	log_message():	Backtrace: displayAllCustomers() called. 
2015-10-21T13:11:23+02:00	log_message():	No mapping for requested action/process: showCustomers
2015-10-21T13:11:23+02:00	log_message():	Backtrace: displayAllCustomers() called. 
2015-10-21T13:11:25+02:00	log_message():	No mapping for requested action/process: addCustomer
2015-10-21T13:11:25+02:00	log_message():	No mapping for requested rendering/process. addCustomer Redirecting to defaultaction.
2015-10-21T13:11:29+02:00	log_message():	No mapping for requested action/process: showCustomers
2015-10-21T13:11:29+02:00	log_message():	Backtrace: displayAllCustomers() called. 
2015-10-21T13:11:36+02:00	log_message():	No mapping for requested action/process: showCustomers
2015-10-21T13:11:36+02:00	log_message():	Backtrace: displayAllCustomers() called. 
2015-10-21T13:11:37+02:00	log_message():	Processing action request: addCustomer
2015-10-21T13:11:41+02:00	log_message():	No mapping for requested action/process: showCustomers
2015-10-21T13:11:41+02:00	log_message():	Backtrace: displayAllCustomers() called. 
2015-10-21T13:11:53+02:00	log_message():	No mapping for requested action/process: showCustomers
2015-10-21T13:11:53+02:00	log_message():	Backtrace: displayAllCustomers() called. 
2015-10-21T13:11:54+02:00	log_message():	Processing action request: addCustomer
2015-10-21T13:11:54+02:00	log_message():	No mapping for requested rendering/process. addCustomer Redirecting to defaultaction.
2015-10-21T13:12:00+02:00	log_message():	No mapping for requested action/process: showCustomers
2015-10-21T13:12:00+02:00	log_message():	Backtrace: displayAllCustomers() called. 
2015-10-21T13:38:08+02:00	log_message():	Processing action request: addCustomer
2015-10-21T13:38:42+02:00	log_message():	Processing action request: addCustomer
2015-10-21T13:38:42+02:00	log_message():	No mapping for requested rendering/process. addCustomer Redirecting to defaultaction.
2015-10-21T13:38:44+02:00	log_message():	No mapping for requested action/process: insertCustomer
2015-10-21T13:38:44+02:00	log_message():	No mapping for requested rendering/process. insertCustomer Redirecting to defaultaction.
2015-10-21T13:40:35+02:00	log_message():	No mapping for requested action/process: showCustomers
2015-10-21T13:40:35+02:00	log_message():	Backtrace: displayAllCustomers() called. 
2015-10-21T13:40:37+02:00	log_message():	No mapping for requested action/process: editCustomer
2015-10-21T13:40:37+02:00	log_message():	No mapping for requested rendering/process. editCustomer Redirecting to defaultaction.
2015-10-21T13:41:27+02:00	log_message():	No mapping for requested action/process: showCustomers
2015-10-21T13:41:27+02:00	log_message():	Backtrace: displayAllCustomers() called. 
2015-10-21T13:41:53+02:00	log_message():	No mapping for requested action/process: winkel
2015-10-21T13:41:53+02:00	log_message():	No mapping for requested rendering/process. winkel Redirecting to defaultaction.
2015-10-21T13:41:55+02:00	log_message():	No mapping for requested action/process: showCustomers
2015-10-21T13:41:55+02:00	log_message():	Backtrace: displayAllCustomers() called. 
2015-10-21T13:42:12+02:00	log_message():	No mapping for requested action/process: customers
2015-10-21T13:42:12+02:00	log_message():	No mapping for requested rendering/process. customers Redirecting to defaultaction.
2015-10-21T13:42:16+02:00	log_message():	No mapping for requested action/process: showCustomers
2015-10-21T13:42:16+02:00	log_message():	Backtrace: displayAllCustomers() called. 
2015-10-21T13:42:43+02:00	log_message():	No mapping for requested action/process: showCustomers
2015-10-21T13:42:43+02:00	log_message():	Backtrace: displayAllCustomers() called. 
2015-10-21T13:42:45+02:00	log_message():	No mapping for requested action/process: winkel
2015-10-21T13:42:45+02:00	log_message():	No mapping for requested rendering/process. winkel Redirecting to defaultaction.
2015-10-21T13:42:48+02:00	log_message():	No mapping for requested action/process: showCustomers
2015-10-21T13:42:48+02:00	log_message():	Backtrace: displayAllCustomers() called. 
2015-10-21T13:42:58+02:00	log_message():	No mapping for requested action/process: showCustomers
2015-10-21T13:42:58+02:00	log_message():	Backtrace: displayAllCustomers() called. 
2015-10-21T13:43:00+02:00	log_message():	No mapping for requested action/process: showCustomers
2015-10-21T13:43:00+02:00	log_message():	Backtrace: displayAllCustomers() called. 
2015-10-21T13:43:08+02:00	log_message():	No mapping for requested action/process: showCustomers
2015-10-21T13:43:08+02:00	log_message():	Backtrace: displayAllCustomers() called. 
2015-10-21T13:43:10+02:00	log_message():	No mapping for requested action/process: showCustomers
2015-10-21T13:43:10+02:00	log_message():	Backtrace: displayAllCustomers() called. 
2015-10-21T13:44:31+02:00	log_message():	No mapping for requested action/process: showCustomers
2015-10-21T13:44:31+02:00	log_message():	Backtrace: displayAllCustomers() called. 
2015-10-21T13:44:33+02:00	log_message():	Processing action request: addCustomer
2015-10-21T13:44:33+02:00	log_message():	No mapping for requested rendering/process. addCustomer Redirecting to defaultaction.
2015-10-21T13:44:48+02:00	log_message():	No mapping for requested action/process: insertCustomer
2015-10-21T13:44:48+02:00	log_message():	No mapping for requested rendering/process. insertCustomer Redirecting to defaultaction.
2015-10-21T13:44:50+02:00	log_message():	Processing action request: addCustomer
2015-10-21T13:44:50+02:00	log_message():	No mapping for requested rendering/process. addCustomer Redirecting to defaultaction.
2015-10-21T13:46:15+02:00	log_message():	Processing action request: addCustomer
2015-10-21T13:46:15+02:00	log_message():	No mapping for requested rendering/process. addCustomer Redirecting to defaultaction.
2015-10-21T13:46:18+02:00	log_message():	No mapping for requested action/process: showCustomers
2015-10-21T13:46:18+02:00	log_message():	Backtrace: displayAllCustomers() called. 
2015-10-21T13:46:20+02:00	log_message():	No mapping for requested action/process: editCustomer
2015-10-21T13:46:20+02:00	log_message():	No mapping for requested rendering/process. editCustomer Redirecting to defaultaction.
2015-10-21T13:46:38+02:00	log_message():	No mapping for requested action/process: editCustomer
2015-10-21T13:46:38+02:00	log_message():	No mapping for requested rendering/process. editCustomer Redirecting to defaultaction.
2015-10-21T13:46:40+02:00	log_message():	No mapping for requested action/process: showCustomers
2015-10-21T13:46:40+02:00	log_message():	Backtrace: displayAllCustomers() called. 
2015-10-21T13:46:42+02:00	log_message():	No mapping for requested action/process: displayEditCustomer
2015-10-21T13:46:42+02:00	log_message():	No mapping for requested rendering/process. displayEditCustomer Redirecting to defaultaction.
2015-10-21T13:47:04+02:00	log_message():	No mapping for requested action/process: showCustomers
2015-10-21T13:47:04+02:00	log_message():	Backtrace: displayAllCustomers() called. 
2015-10-21T13:48:05+02:00	log_message():	No mapping for requested action/process: showCustomers
2015-10-21T13:48:05+02:00	log_message():	Backtrace: displayAllCustomers() called. 
2015-10-21T13:48:09+02:00	log_message():	No mapping for requested action/process: displayEditCustomer
2015-10-21T13:48:09+02:00	log_message():	No mapping for requested rendering/process. displayEditCustomer Redirecting to defaultaction.
2015-10-21T13:48:49+02:00	log_message():	No mapping for requested action/process: showCustomers
2015-10-21T13:48:49+02:00	log_message():	Backtrace: displayAllCustomers() called. 
2015-10-21T13:48:52+02:00	log_message():	Processing action request: addCustomer
2015-10-21T13:48:52+02:00	log_message():	No mapping for requested rendering/process. addCustomer Redirecting to defaultaction.
2015-10-21T13:49:01+02:00	log_message():	No mapping for requested action/process: insertCustomer
2015-10-21T13:49:01+02:00	log_message():	No mapping for requested rendering/process. insertCustomer Redirecting to defaultaction.
2015-10-21T13:49:03+02:00	log_message():	No mapping for requested action/process: showCustomers
2015-10-21T13:49:03+02:00	log_message():	Backtrace: displayAllCustomers() called. 
2015-10-21T13:49:08+02:00	log_message():	No mapping for requested action/process: showCustomers
2015-10-21T13:49:08+02:00	log_message():	Backtrace: displayAllCustomers() called. 
2015-10-21T13:59:48+02:00	log_message():	No mapping for requested action/process: showCustomers
2015-10-21T13:59:48+02:00	log_message():	Backtrace: displayAllCustomers() called. 
2015-10-21T14:02:24+02:00	log_message():	No mapping for requested action/process: showCustomers
2015-10-21T14:02:24+02:00	log_message():	Backtrace: displayAllCustomers() called. 
2015-10-21T14:02:26+02:00	log_message():	Processing action request: addCustomer
2015-10-21T14:02:26+02:00	log_message():	No mapping for requested rendering/process. addCustomer Redirecting to defaultaction.
2015-10-21T14:02:29+02:00	log_message():	No mapping for requested action/process: insertCustomer
2015-10-21T14:02:29+02:00	log_message():	No mapping for requested rendering/process. insertCustomer Redirecting to defaultaction.
2015-10-21T14:02:48+02:00	log_message():	No mapping for requested action/process: insertCustomer
2015-10-21T14:02:48+02:00	log_message():	No mapping for requested rendering/process. insertCustomer Redirecting to defaultaction.
2015-10-21T14:02:49+02:00	log_message():	No mapping for requested action/process: showCustomers
2015-10-21T14:02:49+02:00	log_message():	Backtrace: displayAllCustomers() called. 
2015-10-21T14:02:51+02:00	log_message():	Processing action request: addCustomer
2015-10-21T14:02:51+02:00	log_message():	No mapping for requested rendering/process. addCustomer Redirecting to defaultaction.
2015-10-21T14:02:54+02:00	log_message():	Processing action request: addCustomer
2015-10-21T14:02:54+02:00	log_message():	No mapping for requested rendering/process. addCustomer Redirecting to defaultaction.
2015-10-21T14:02:57+02:00	log_message():	No mapping for requested action/process: showCustomers
2015-10-21T14:02:57+02:00	log_message():	Backtrace: displayAllCustomers() called. 
2015-10-21T14:03:03+02:00	log_message():	No mapping for requested action/process: showCustomers
2015-10-21T14:03:03+02:00	log_message():	Backtrace: displayAllCustomers() called. 
2015-10-21T14:03:05+02:00	log_message():	No mapping for requested action/process: showCustomers
2015-10-21T14:03:05+02:00	log_message():	Backtrace: displayAllCustomers() called. 
2015-10-21T14:03:05+02:00	log_message():	Processing action request: addCustomer
2015-10-21T14:03:05+02:00	log_message():	No mapping for requested rendering/process. addCustomer Redirecting to defaultaction.
2015-10-21T14:03:11+02:00	log_message():	Processing action request: addCustomer
2015-10-21T14:03:11+02:00	log_message():	No mapping for requested rendering/process. addCustomer Redirecting to defaultaction.
2015-10-21T14:05:32+02:00	log_message():	Processing action request: addCustomer
2015-10-21T14:06:00+02:00	log_message():	Processing action request: addCustomer
2015-10-21T14:06:13+02:00	log_message():	Processing action request: addCustomer
2015-10-21T14:06:14+02:00	log_message():	No mapping for requested action/process: showCustomers
2015-10-21T14:06:14+02:00	log_message():	Backtrace: displayAllCustomers() called. 
2015-10-21T14:06:16+02:00	log_message():	No mapping for requested action/process: showCustomers
2015-10-21T14:06:16+02:00	log_message():	Backtrace: displayAllCustomers() called. 
2015-10-21T14:06:19+02:00	log_message():	No mapping for requested action/process: deleteCustomer
2015-10-21T14:06:45+02:00	log_message():	No mapping for requested action/process: showCustomers
2015-10-21T14:06:45+02:00	log_message():	Backtrace: displayAllCustomers() called. 
2015-10-21T14:06:49+02:00	log_message():	No mapping for requested action/process: deleteCustomer
2015-10-21T14:07:25+02:00	log_message():	No mapping for requested action/process: deleteCustomer
2015-10-21T14:07:32+02:00	log_message():	Processing action request: home
2015-10-21T14:07:33+02:00	log_message():	No mapping for requested action/process: showCustomers
2015-10-21T14:07:33+02:00	log_message():	Backtrace: displayAllCustomers() called. 
2015-10-21T14:07:36+02:00	log_message():	No mapping for requested action/process: deleteCustomer
2015-10-21T14:08:23+02:00	log_message():	No mapping for requested action/process: showCustomers
2015-10-21T14:08:23+02:00	log_message():	Backtrace: displayAllCustomers() called. 
2015-10-21T14:08:27+02:00	log_message():	No mapping for requested action/process: displayEditCustomer
2015-10-21T14:08:27+02:00	log_message():	No mapping for requested rendering/process. displayEditCustomer Redirecting to defaultaction.
2015-10-21T14:08:59+02:00	log_message():	No mapping for requested action/process: showCustomers
2015-10-21T14:08:59+02:00	log_message():	Backtrace: displayAllCustomers() called. 
2015-10-21T14:09:01+02:00	log_message():	No mapping for requested action/process: displayEditCustomer
2015-10-21T14:09:06+02:00	log_message():	No mapping for requested action/process: updateCustomer
2015-10-21T14:10:04+02:00	log_message():	No mapping for requested action/process: updateCustomer
2015-10-21T14:11:42+02:00	log_message():	No mapping for requested action/process: updateCustomer
2015-10-21T14:11:45+02:00	log_message():	No mapping for requested action/process: displayEditCustomer
2015-10-21T14:11:51+02:00	log_message():	Processing action request: home
2015-10-21T14:11:52+02:00	log_message():	No mapping for requested action/process: showCustomers
2015-10-21T14:11:52+02:00	log_message():	Backtrace: displayAllCustomers() called. 
2015-10-21T14:11:54+02:00	log_message():	No mapping for requested action/process: deleteCustomer
2015-10-21T14:13:13+02:00	log_message():	Processing action request: home
2015-10-21T14:13:14+02:00	log_message():	No mapping for requested action/process: showCustomers
2015-10-21T14:13:14+02:00	log_message():	Backtrace: displayAllCustomers() called. 
2015-10-21T14:13:15+02:00	log_message():	Processing action request: addCustomer
2015-10-21T14:13:50+02:00	log_message():	No mapping for requested action/process: addCustomer
2015-10-21T14:13:50+02:00	log_message():	No mapping for requested rendering/process. addCustomer Redirecting to defaultaction.
2015-10-21T14:13:51+02:00	log_message():	No mapping for requested action/process: showCustomers
2015-10-21T14:13:51+02:00	log_message():	Backtrace: displayAllCustomers() called. 
2015-10-21T14:13:52+02:00	log_message():	No mapping for requested action/process: addCustomer
2015-10-21T14:13:52+02:00	log_message():	No mapping for requested rendering/process. addCustomer Redirecting to defaultaction.
2015-10-21T14:13:54+02:00	log_message():	No mapping for requested action/process: showCustomers
2015-10-21T14:13:54+02:00	log_message():	Backtrace: displayAllCustomers() called. 
2015-10-21T14:14:34+02:00	log_message():	No mapping for requested action/process: showCustomers
2015-10-21T14:14:34+02:00	log_message():	Backtrace: displayAllCustomers() called. 
2015-10-21T14:14:35+02:00	log_message():	No mapping for requested action/process: displayAddCustomer
2015-10-21T14:14:39+02:00	log_message():	Processing action request: addCustomer
2015-10-21T14:17:38+02:00	log_message():	Processing action request: addCustomer
2015-10-21T14:17:38+02:00	log_message():	No mapping for requested rendering/process. addCustomer Redirecting to defaultaction.
2015-10-21T14:18:10+02:00	log_message():	No mapping for requested action/process: showCustomers
2015-10-21T14:18:11+02:00	log_message():	No mapping for requested action/process: showCustomers
2015-10-21T14:18:32+02:00	log_message():	No mapping for requested action/process: showCustomers
2015-10-21T14:18:32+02:00	Use of undefined constant displayAllCustomers - assumed 'displayAllCustomers'
2015-10-21T14:18:32+02:00	8	Unknown error type: [8] Use of undefined constant displayAllCustomers - assumed 'displayAllCustomers'
2015-10-21T14:18:33+02:00	log_message():	No mapping for requested action/process: showCustomers
2015-10-21T14:18:33+02:00	Use of undefined constant displayAllCustomers - assumed 'displayAllCustomers'
2015-10-21T14:18:33+02:00	8	Unknown error type: [8] Use of undefined constant displayAllCustomers - assumed 'displayAllCustomers'
2015-10-21T14:18:33+02:00	log_message():	No mapping for requested action/process: showCustomers
2015-10-21T14:18:33+02:00	Use of undefined constant displayAllCustomers - assumed 'displayAllCustomers'
2015-10-21T14:18:33+02:00	8	Unknown error type: [8] Use of undefined constant displayAllCustomers - assumed 'displayAllCustomers'
2015-10-21T14:18:34+02:00	log_message():	No mapping for requested action/process: showCustomers
2015-10-21T14:18:34+02:00	Use of undefined constant displayAllCustomers - assumed 'displayAllCustomers'
2015-10-21T14:18:34+02:00	8	Unknown error type: [8] Use of undefined constant displayAllCustomers - assumed 'displayAllCustomers'
2015-10-21T14:18:34+02:00	log_message():	No mapping for requested action/process: showCustomers
2015-10-21T14:18:34+02:00	Use of undefined constant displayAllCustomers - assumed 'displayAllCustomers'
2015-10-21T14:18:34+02:00	8	Unknown error type: [8] Use of undefined constant displayAllCustomers - assumed 'displayAllCustomers'
2015-10-21T14:18:35+02:00	log_message():	No mapping for requested action/process: showCustomers
2015-10-21T14:18:35+02:00	Use of undefined constant displayAllCustomers - assumed 'displayAllCustomers'
2015-10-21T14:18:35+02:00	8	Unknown error type: [8] Use of undefined constant displayAllCustomers - assumed 'displayAllCustomers'
2015-10-21T14:18:35+02:00	log_message():	No mapping for requested action/process: showCustomers
2015-10-21T14:18:35+02:00	Use of undefined constant displayAllCustomers - assumed 'displayAllCustomers'
2015-10-21T14:18:35+02:00	8	Unknown error type: [8] Use of undefined constant displayAllCustomers - assumed 'displayAllCustomers'
2015-10-21T14:18:35+02:00	log_message():	No mapping for requested action/process: showCustomers
2015-10-21T14:18:35+02:00	Use of undefined constant displayAllCustomers - assumed 'displayAllCustomers'
2015-10-21T14:18:35+02:00	8	Unknown error type: [8] Use of undefined constant displayAllCustomers - assumed 'displayAllCustomers'
2015-10-21T14:18:35+02:00	log_message():	No mapping for requested action/process: showCustomers
2015-10-21T14:18:35+02:00	Use of undefined constant displayAllCustomers - assumed 'displayAllCustomers'
2015-10-21T14:18:35+02:00	8	Unknown error type: [8] Use of undefined constant displayAllCustomers - assumed 'displayAllCustomers'
2015-10-21T14:18:36+02:00	log_message():	No mapping for requested action/process: showCustomers
2015-10-21T14:18:36+02:00	Use of undefined constant displayAllCustomers - assumed 'displayAllCustomers'
2015-10-21T14:18:36+02:00	8	Unknown error type: [8] Use of undefined constant displayAllCustomers - assumed 'displayAllCustomers'
2015-10-21T14:18:37+02:00	log_message():	No mapping for requested action/process: showCustomers
2015-10-21T14:18:37+02:00	Use of undefined constant displayAllCustomers - assumed 'displayAllCustomers'
2015-10-21T14:18:37+02:00	8	Unknown error type: [8] Use of undefined constant displayAllCustomers - assumed 'displayAllCustomers'
2015-10-21T14:18:38+02:00	log_message():	No mapping for requested action/process: showCustomers
2015-10-21T14:18:38+02:00	Use of undefined constant displayAllCustomers - assumed 'displayAllCustomers'
2015-10-21T14:18:38+02:00	8	Unknown error type: [8] Use of undefined constant displayAllCustomers - assumed 'displayAllCustomers'
2015-10-21T14:19:08+02:00	log_message():	No mapping for requested action/process: showCustomers
2015-10-21T14:19:20+02:00	log_message():	No mapping for requested action/process: showCustomers
2015-10-21T14:19:22+02:00	log_message():	No mapping for requested action/process: showCustomers
2015-10-21T14:19:30+02:00	log_message():	No mapping for requested action/process: showCustomers
2015-10-21T14:19:30+02:00	log_message():	Backtrace: displayAllCustomers() called. 
2015-10-21T14:19:31+02:00	log_message():	No mapping for requested action/process: displayAddCustomer
2015-10-21T14:19:32+02:00	log_message():	Processing action request: addCustomer
2015-10-21T14:19:32+02:00	log_message():	No mapping for requested rendering/process. addCustomer Redirecting to defaultaction.
2015-10-21T14:19:54+02:00	log_message():	No mapping for requested action/process: showCustomers
2015-10-21T14:19:54+02:00	log_message():	Backtrace: displayAllCustomers() called. 
2015-10-21T14:19:56+02:00	log_message():	No mapping for requested action/process: displayAddCustomer
2015-10-21T14:20:05+02:00	log_message():	Processing action request: addCustomer
2015-10-21T14:21:52+02:00	log_message():	Processing action request: addCustomer
2015-10-21T14:23:29+02:00	log_message():	Processing action request: addCustomer
2015-10-21T14:23:33+02:00	log_message():	Processing action request: home
2015-10-21T14:23:36+02:00	log_message():	No mapping for requested action/process: showCustomers
2015-10-21T14:23:36+02:00	log_message():	Backtrace: displayAllCustomers() called. 
2015-10-21T14:23:37+02:00	log_message():	No mapping for requested action/process: displayAddCustomer
2015-10-21T14:23:40+02:00	log_message():	Processing action request: addCustomer
2015-10-21T14:24:48+02:00	log_message():	Processing action request: addCustomer
2015-10-21T14:24:49+02:00	log_message():	No mapping for requested action/process: displayAddCustomer
2015-10-21T14:24:51+02:00	log_message():	No mapping for requested action/process: showCustomers
2015-10-21T14:24:51+02:00	log_message():	Backtrace: displayAllCustomers() called. 
2015-10-21T14:24:57+02:00	log_message():	No mapping for requested action/process: displayAddCustomer
2015-10-21T14:24:58+02:00	log_message():	No mapping for requested action/process: showCustomers
2015-10-21T14:24:58+02:00	log_message():	Backtrace: displayAllCustomers() called. 
2015-10-21T14:25:00+02:00	log_message():	Processing action request: deleteCustomer
2015-10-21T14:25:23+02:00	log_message():	Processing action request: deleteCustomer
2015-10-21T14:26:37+02:00	log_message():	Processing action request: deleteCustomer
2015-10-21T14:26:41+02:00	log_message():	Processing action request: home
2015-10-21T14:26:42+02:00	log_message():	No mapping for requested action/process: showCustomers
2015-10-21T14:26:42+02:00	log_message():	Backtrace: displayAllCustomers() called. 
2015-10-21T14:26:44+02:00	log_message():	No mapping for requested action/process: displayAddCustomer
2015-10-21T14:26:47+02:00	log_message():	Processing action request: addCustomer
2015-10-21T14:27:19+02:00	log_message():	Processing action request: addCustomer
2015-10-21T14:27:19+02:00	mysqli_stmt_prepare(): (42S22/1054): Unknown column 'Place' in 'field list'
2015-10-21T14:27:19+02:00	2	Unknown error type: [2] mysqli_stmt_prepare(): (42S22/1054): Unknown column 'Place' in 'field list'
2015-10-21T14:27:19+02:00	log_message():	No mapping for requested action/process: showCustomers
2015-10-21T14:27:19+02:00	log_message():	Backtrace: displayAllCustomers() called. 
2015-10-21T14:27:38+02:00	log_message():	No mapping for requested action/process: showCustomers
2015-10-21T14:27:38+02:00	log_message():	Backtrace: displayAllCustomers() called. 
2015-10-21T14:27:41+02:00	log_message():	No mapping for requested action/process: showCustomers
2015-10-21T14:27:41+02:00	log_message():	Backtrace: displayAllCustomers() called. 
2015-10-21T14:27:43+02:00	log_message():	No mapping for requested action/process: displayAddCustomer
2015-10-21T14:27:48+02:00	log_message():	Processing action request: addCustomer
2015-10-21T14:27:48+02:00	mysqli_stmt_bind_param(): Number of elements in type definition string doesn't match number of bind variables
2015-10-21T14:27:48+02:00	2	Unknown error type: [2] mysqli_stmt_bind_param(): Number of elements in type definition string doesn't match number of bind variables
2015-10-21T14:27:48+02:00	mysqli_execute(): (HY000/2031): No data supplied for parameters in prepared statement
2015-10-21T14:27:48+02:00	2	Unknown error type: [2] mysqli_execute(): (HY000/2031): No data supplied for parameters in prepared statement
2015-10-21T14:27:48+02:00	log_message():	No mapping for requested action/process: showCustomers
2015-10-21T14:27:48+02:00	log_message():	Backtrace: displayAllCustomers() called. 
2015-10-21T14:28:14+02:00	log_message():	No mapping for requested action/process: showCustomers
2015-10-21T14:28:14+02:00	log_message():	Backtrace: displayAllCustomers() called. 
2015-10-21T14:28:16+02:00	log_message():	No mapping for requested action/process: displayAddCustomer
2015-10-21T14:28:19+02:00	log_message():	Processing action request: addCustomer
2015-10-21T14:28:19+02:00	mysqli_stmt_bind_param(): Number of elements in type definition string doesn't match number of bind variables
2015-10-21T14:28:19+02:00	2	Unknown error type: [2] mysqli_stmt_bind_param(): Number of elements in type definition string doesn't match number of bind variables
2015-10-21T14:28:19+02:00	mysqli_execute(): (HY000/2031): No data supplied for parameters in prepared statement
2015-10-21T14:28:19+02:00	2	Unknown error type: [2] mysqli_execute(): (HY000/2031): No data supplied for parameters in prepared statement
2015-10-21T14:28:19+02:00	log_message():	No mapping for requested action/process: showCustomers
2015-10-21T14:28:19+02:00	log_message():	Backtrace: displayAllCustomers() called. 
2015-10-21T14:29:54+02:00	log_message():	No mapping for requested action/process: showCustomers
2015-10-21T14:29:54+02:00	log_message():	Backtrace: displayAllCustomers() called. 
2015-10-21T14:29:55+02:00	log_message():	No mapping for requested action/process: displayAddCustomer
2015-10-21T14:29:59+02:00	log_message():	Processing action request: addCustomer
2015-10-21T14:29:59+02:00	mysqli_stmt_bind_param(): Number of elements in type definition string doesn't match number of bind variables
2015-10-21T14:29:59+02:00	2	Unknown error type: [2] mysqli_stmt_bind_param(): Number of elements in type definition string doesn't match number of bind variables
2015-10-21T14:29:59+02:00	mysqli_execute(): (HY000/2031): No data supplied for parameters in prepared statement
2015-10-21T14:29:59+02:00	2	Unknown error type: [2] mysqli_execute(): (HY000/2031): No data supplied for parameters in prepared statement
2015-10-21T14:29:59+02:00	log_message():	No mapping for requested action/process: showCustomers
2015-10-21T14:29:59+02:00	log_message():	Backtrace: displayAllCustomers() called. 
2015-10-21T14:30:23+02:00	log_message():	No mapping for requested action/process: showCustomers
2015-10-21T14:30:23+02:00	log_message():	Backtrace: displayAllCustomers() called. 
2015-10-21T14:30:24+02:00	log_message():	No mapping for requested action/process: displayAddCustomer
2015-10-21T14:30:27+02:00	log_message():	Processing action request: addCustomer
2015-10-21T14:30:27+02:00	mysqli_execute(): (23000/1048): Column 'Telefoonnr' cannot be null
2015-10-21T14:30:27+02:00	2	Unknown error type: [2] mysqli_execute(): (23000/1048): Column 'Telefoonnr' cannot be null
2015-10-21T14:30:27+02:00	log_message():	No mapping for requested action/process: showCustomers
2015-10-21T14:30:27+02:00	log_message():	Backtrace: displayAllCustomers() called. 
2015-10-21T14:30:54+02:00	log_message():	No mapping for requested action/process: showCustomers
2015-10-21T14:30:54+02:00	log_message():	Backtrace: displayAllCustomers() called. 
2015-10-21T14:30:55+02:00	log_message():	No mapping for requested action/process: displayAddCustomer
2015-10-21T14:31:05+02:00	log_message():	Processing action request: addCustomer
2015-10-21T14:31:05+02:00	log_message():	No mapping for requested action/process: showCustomers
2015-10-21T14:31:05+02:00	log_message():	Backtrace: displayAllCustomers() called. 
2015-10-21T14:31:15+02:00	log_message():	Processing action request: deleteCustomer
2015-10-21T14:31:15+02:00	mysqli_execute(): (23000/1451): Cannot delete or update a parent row: a foreign key constraint fails (`studie_week5`.`bestelling`, CONSTRAINT `bestelling_ibfk_1` FOREIGN KEY (`Wcode`) REFERENCES `winkel` (`Wcode`))
2015-10-21T14:31:15+02:00	2	Unknown error type: [2] mysqli_execute(): (23000/1451): Cannot delete or update a parent row: a foreign key constraint fails (`studie_week5`.`bestelling`, CONSTRAINT `bestelling_ibfk_1` FOREIGN KEY (`Wcode`) REFERENCES `winkel` (`Wcode`))
2015-10-21T14:31:15+02:00	log_message():	No mapping for requested action/process: showCustomers
2015-10-21T14:31:15+02:00	log_message():	Backtrace: displayAllCustomers() called. 
2015-10-21T14:32:05+02:00	log_message():	No mapping for requested action/process: displayEditCustomer
2015-10-21T14:32:10+02:00	log_message():	No mapping for requested action/process: showCustomers
2015-10-21T14:32:10+02:00	log_message():	Backtrace: displayAllCustomers() called. 
2015-10-21T14:32:11+02:00	log_message():	No mapping for requested action/process: showCustomers
2015-10-21T14:32:11+02:00	log_message():	Backtrace: displayAllCustomers() called. 
2015-10-21T14:32:16+02:00	log_message():	No mapping for requested action/process: displayEditCustomer
2015-10-21T14:32:17+02:00	log_message():	Processing action request: updateCustomer
2015-10-21T14:32:17+02:00	mysqli_stmt_bind_param(): Number of elements in type definition string doesn't match number of bind variables
2015-10-21T14:32:17+02:00	2	Unknown error type: [2] mysqli_stmt_bind_param(): Number of elements in type definition string doesn't match number of bind variables
2015-10-21T14:32:17+02:00	mysqli_execute(): (HY000/2031): No data supplied for parameters in prepared statement
2015-10-21T14:32:17+02:00	2	Unknown error type: [2] mysqli_execute(): (HY000/2031): No data supplied for parameters in prepared statement
2015-10-21T14:32:17+02:00	log_message():	No mapping for requested action/process: showCustomers
2015-10-21T14:32:17+02:00	log_message():	Backtrace: displayAllCustomers() called. 
2015-10-21T14:32:32+02:00	log_message():	No mapping for requested action/process: showCustomers
2015-10-21T14:32:32+02:00	log_message():	Backtrace: displayAllCustomers() called. 
2015-10-21T14:32:34+02:00	log_message():	No mapping for requested action/process: displayEditCustomer
2015-10-21T14:32:38+02:00	log_message():	Processing action request: updateCustomer
2015-10-21T14:32:38+02:00	mysqli_stmt_bind_param(): Number of elements in type definition string doesn't match number of bind variables
2015-10-21T14:32:38+02:00	2	Unknown error type: [2] mysqli_stmt_bind_param(): Number of elements in type definition string doesn't match number of bind variables
2015-10-21T14:32:38+02:00	mysqli_execute(): (HY000/2031): No data supplied for parameters in prepared statement
2015-10-21T14:32:38+02:00	2	Unknown error type: [2] mysqli_execute(): (HY000/2031): No data supplied for parameters in prepared statement
2015-10-21T14:32:38+02:00	log_message():	No mapping for requested action/process: showCustomers
2015-10-21T14:32:38+02:00	log_message():	Backtrace: displayAllCustomers() called. 
2015-10-21T14:33:06+02:00	log_message():	No mapping for requested action/process: showCustomers
2015-10-21T14:33:06+02:00	log_message():	Backtrace: displayAllCustomers() called. 
2015-10-21T14:33:07+02:00	log_message():	No mapping for requested action/process: displayEditCustomer
2015-10-21T14:33:10+02:00	log_message():	Processing action request: updateCustomer
2015-10-21T14:33:10+02:00	log_message():	No mapping for requested action/process: showCustomers
2015-10-21T14:33:10+02:00	log_message():	Backtrace: displayAllCustomers() called. 
2015-10-21T14:33:14+02:00	log_message():	No mapping for requested action/process: showCustomers
2015-10-21T14:33:14+02:00	log_message():	Backtrace: displayAllCustomers() called. 
2015-10-21T14:33:16+02:00	log_message():	No mapping for requested action/process: showCustomers
2015-10-21T14:33:16+02:00	log_message():	Backtrace: displayAllCustomers() called. 
2015-10-21T14:33:16+02:00	log_message():	No mapping for requested action/process: showCustomers
2015-10-21T14:33:16+02:00	log_message():	Backtrace: displayAllCustomers() called. 
2015-10-21T14:33:16+02:00	log_message():	No mapping for requested action/process: showCustomers
2015-10-21T14:33:16+02:00	log_message():	Backtrace: displayAllCustomers() called. 
2015-10-21T14:33:17+02:00	log_message():	No mapping for requested action/process: showCustomers
2015-10-21T14:33:17+02:00	log_message():	Backtrace: displayAllCustomers() called. 
2015-10-21T14:33:22+02:00	log_message():	No mapping for requested action/process: displayEditCustomer
2015-10-21T14:33:40+02:00	log_message():	Processing action request: updateCustomer
2015-10-21T14:33:40+02:00	log_message():	No mapping for requested action/process: showCustomers
2015-10-21T14:33:40+02:00	log_message():	Backtrace: displayAllCustomers() called. 
2015-10-21T14:33:54+02:00	log_message():	No mapping for requested action/process: displayEditCustomer
2015-10-21T14:34:12+02:00	log_message():	No mapping for requested action/process: displayEditCustomer
2015-10-21T14:34:15+02:00	log_message():	Processing action request: updateCustomer
2015-10-21T14:34:15+02:00	log_message():	No mapping for requested action/process: showCustomers
2015-10-21T14:34:15+02:00	log_message():	Backtrace: displayAllCustomers() called. 
2015-10-21T14:35:53+02:00	log_message():	No mapping for requested action/process: showCustomers
2015-10-21T14:35:53+02:00	log_message():	Backtrace: displayAllCustomers() called. 
2015-10-21T14:36:01+02:00	log_message():	No mapping for requested action/process: showCustomers
2015-10-21T14:36:01+02:00	log_message():	Backtrace: displayAllCustomers() called. 
2015-10-21T14:36:05+02:00	log_message():	No mapping for requested action/process: displayEditCustomer
2015-10-21T14:36:13+02:00	log_message():	No mapping for requested action/process: showCustomers
2015-10-21T14:36:13+02:00	log_message():	Backtrace: displayAllCustomers() called. 
2015-10-21T14:36:37+02:00	log_message():	No mapping for requested action/process: displayEditCustomer
2015-10-21T14:37:01+02:00	log_message():	No mapping for requested action/process: displayEditCustomer
2015-10-21T14:37:31+02:00	log_message():	No mapping for requested action/process: displayEditCustomer
2015-10-21T14:37:33+02:00	log_message():	No mapping for requested action/process: showCustomers
2015-10-21T14:37:33+02:00	log_message():	Backtrace: displayAllCustomers() called. 
2015-10-21T14:37:36+02:00	log_message():	No mapping for requested action/process: displayEditCustomer
2015-10-21T14:38:40+02:00	log_message():	No mapping for requested action/process: displayEditCustomer
2015-10-21T14:38:52+02:00	log_message():	No mapping for requested action/process: displayEditCustomer
2015-10-21T14:39:30+02:00	log_message():	No mapping for requested action/process: displayEditCustomer
2015-10-21T14:40:34+02:00	log_message():	No mapping for requested action/process: displayEditCustomer
2015-10-21T14:40:46+02:00	log_message():	No mapping for requested action/process: displayEditCustomer
2015-10-21T14:41:32+02:00	log_message():	No mapping for requested action/process: displayEditCustomer
2015-10-21T14:41:32+02:00	mysqli_stmt_bind_param() expects parameter 1 to be mysqli_stmt, string given
2015-10-21T14:41:32+02:00	2	Unknown error type: [2] mysqli_stmt_bind_param() expects parameter 1 to be mysqli_stmt, string given
2015-10-21T14:41:32+02:00	mysqli_execute(): (HY000/2031): No data supplied for parameters in prepared statement
2015-10-21T14:41:32+02:00	2	Unknown error type: [2] mysqli_execute(): (HY000/2031): No data supplied for parameters in prepared statement
2015-10-21T14:41:32+02:00	mysqli_stmt_get_result(): (HY000/2031): No data supplied for parameters in prepared statement
2015-10-21T14:41:32+02:00	2	Unknown error type: [2] mysqli_stmt_get_result(): (HY000/2031): No data supplied for parameters in prepared statement
2015-10-21T14:41:32+02:00	mysqli_fetch_assoc() expects parameter 1 to be mysqli_result, boolean given
2015-10-21T14:41:32+02:00	2	Unknown error type: [2] mysqli_fetch_assoc() expects parameter 1 to be mysqli_result, boolean given
2015-10-21T14:42:13+02:00	log_message():	No mapping for requested action/process: displayEditCustomer
2015-10-21T14:42:13+02:00	mysqli_stmt_bind_param(): Number of variables doesn't match number of parameters in prepared statement
2015-10-21T14:42:13+02:00	2	Unknown error type: [2] mysqli_stmt_bind_param(): Number of variables doesn't match number of parameters in prepared statement
2015-10-21T14:42:45+02:00	log_message():	No mapping for requested action/process: displayEditCustomer
2015-10-21T14:42:51+02:00	log_message():	Processing action request: updateCustomer
2015-10-21T14:42:51+02:00	log_message():	No mapping for requested rendering/process. updateCustomer Redirecting to defaultaction.
2015-10-21T14:42:54+02:00	log_message():	No mapping for requested action/process: showCustomers
2015-10-21T14:42:54+02:00	log_message():	Backtrace: displayAllCustomers() called. 
2015-10-21T14:43:00+02:00	log_message():	No mapping for requested action/process: displayEditCustomer
2015-10-21T14:43:03+02:00	log_message():	Processing action request: updateCustomer
2015-10-21T14:43:03+02:00	log_message():	No mapping for requested rendering/process. updateCustomer Redirecting to defaultaction.
2015-10-21T14:43:04+02:00	log_message():	No mapping for requested action/process: showCustomers
2015-10-21T14:43:04+02:00	log_message():	Backtrace: displayAllCustomers() called. 
2015-10-21T14:43:14+02:00	log_message():	No mapping for requested action/process: displayEditCustomer
2015-10-21T14:45:02+02:00	log_message():	No mapping for requested action/process: displayEditCustomer
2015-10-21T14:45:05+02:00	log_message():	Processing action request: updateCustomer
2015-10-21T14:45:05+02:00	log_message():	No mapping for requested rendering/process. updateCustomer Redirecting to defaultaction.
2015-10-21T14:45:06+02:00	log_message():	No mapping for requested action/process: showCustomers
2015-10-21T14:45:06+02:00	log_message():	Backtrace: displayAllCustomers() called. 
2015-10-21T14:45:21+02:00	log_message():	No mapping for requested action/process: showCustomers
2015-10-21T14:45:21+02:00	log_message():	Backtrace: displayAllCustomers() called. 
2015-10-21T14:45:26+02:00	log_message():	Processing action request: deleteCustomer
2015-10-21T14:45:26+02:00	mysqli_execute(): (23000/1451): Cannot delete or update a parent row: a foreign key constraint fails (`studie_week5`.`bestelling`, CONSTRAINT `bestelling_ibfk_1` FOREIGN KEY (`Wcode`) REFERENCES `winkel` (`Wcode`))
2015-10-21T14:45:26+02:00	2	Unknown error type: [2] mysqli_execute(): (23000/1451): Cannot delete or update a parent row: a foreign key constraint fails (`studie_week5`.`bestelling`, CONSTRAINT `bestelling_ibfk_1` FOREIGN KEY (`Wcode`) REFERENCES `winkel` (`Wcode`))
2015-10-21T14:45:26+02:00	log_message():	No mapping for requested action/process: showCustomers
2015-10-21T14:45:26+02:00	log_message():	Backtrace: displayAllCustomers() called. 
2015-10-21T14:45:33+02:00	log_message():	No mapping for requested action/process: displayEditCustomer
2015-10-21T14:45:35+02:00	log_message():	No mapping for requested action/process: showCustomers
2015-10-21T14:45:35+02:00	log_message():	Backtrace: displayAllCustomers() called. 
2015-10-21T14:45:37+02:00	log_message():	No mapping for requested action/process: displayEditCustomer
2015-10-21T14:45:39+02:00	log_message():	Processing action request: updateCustomer
2015-10-21T14:45:39+02:00	log_message():	No mapping for requested rendering/process. updateCustomer Redirecting to defaultaction.
2015-10-21T14:45:41+02:00	log_message():	No mapping for requested action/process: showCustomers
2015-10-21T14:45:41+02:00	log_message():	Backtrace: displayAllCustomers() called. 
2015-10-21T14:45:56+02:00	log_message():	No mapping for requested action/process: displayEditCustomer
2015-10-21T14:46:01+02:00	log_message():	Processing action request: updateCustomer
2015-10-21T14:46:01+02:00	log_message():	No mapping for requested rendering/process. updateCustomer Redirecting to defaultaction.
2015-10-21T14:46:04+02:00	log_message():	No mapping for requested action/process: showCustomers
2015-10-21T14:46:04+02:00	log_message():	Backtrace: displayAllCustomers() called. 
2015-10-21T14:46:16+02:00	log_message():	Processing action request: home
2015-10-21T14:46:32+02:00	log_message():	No mapping for requested action/process: showCustomers
2015-10-21T14:46:32+02:00	log_message():	Backtrace: displayAllCustomers() called. 
2015-10-21T14:46:34+02:00	log_message():	No mapping for requested action/process: displayAddCustomer
2015-10-21T14:46:37+02:00	log_message():	No mapping for requested action/process: showCustomers
2015-10-21T14:46:37+02:00	log_message():	Backtrace: displayAllCustomers() called. 
2015-10-21T14:46:38+02:00	log_message():	No mapping for requested action/process: displayEditCustomer
2015-10-21T14:46:50+02:00	log_message():	Processing action request: updateCustomer
2015-10-21T14:46:50+02:00	log_message():	No mapping for requested rendering/process. updateCustomer Redirecting to defaultaction.
2015-10-21T14:46:52+02:00	log_message():	No mapping for requested action/process: showCustomers
2015-10-21T14:46:52+02:00	log_message():	Backtrace: displayAllCustomers() called. 
2015-10-21T14:46:54+02:00	log_message():	No mapping for requested action/process: displayEditCustomer
2015-10-21T14:46:58+02:00	log_message():	Processing action request: updateCustomer
2015-10-21T14:46:58+02:00	log_message():	No mapping for requested rendering/process. updateCustomer Redirecting to defaultaction.
2015-10-21T14:47:03+02:00	log_message():	No mapping for requested action/process: showCustomers
2015-10-21T14:47:03+02:00	log_message():	Backtrace: displayAllCustomers() called. 
2015-10-21T14:47:46+02:00	log_message():	Processing action request: deleteCustomer
2015-10-21T14:47:46+02:00	mysqli_execute(): (23000/1451): Cannot delete or update a parent row: a foreign key constraint fails (`studie_week5`.`bestelling`, CONSTRAINT `bestelling_ibfk_1` FOREIGN KEY (`Wcode`) REFERENCES `winkel` (`Wcode`))
2015-10-21T14:47:46+02:00	2	Unknown error type: [2] mysqli_execute(): (23000/1451): Cannot delete or update a parent row: a foreign key constraint fails (`studie_week5`.`bestelling`, CONSTRAINT `bestelling_ibfk_1` FOREIGN KEY (`Wcode`) REFERENCES `winkel` (`Wcode`))
2015-10-21T14:47:46+02:00	log_message():	No mapping for requested action/process: showCustomers
2015-10-21T14:47:46+02:00	log_message():	Backtrace: displayAllCustomers() called. 
